mode: set
github.com/theapemachine/squeel/binval.go:23.3,31.2 3 1
github.com/theapemachine/squeel/binval.go:39.87,42.2 2 1
github.com/theapemachine/squeel/binval.go:49.59,52.16 2 1
github.com/theapemachine/squeel/binval.go:52.16,55.3 2 0
github.com/theapemachine/squeel/binval.go:57.2,60.12 3 1
github.com/theapemachine/squeel/binval.go:70.75,79.2 3 1
github.com/theapemachine/squeel/binval.go:89.3,97.2 3 1
github.com/theapemachine/squeel/binval.go:105.36,108.16 2 1
github.com/theapemachine/squeel/binval.go:108.16,111.3 2 0
github.com/theapemachine/squeel/binval.go:113.2,116.12 3 1
github.com/theapemachine/squeel/binval.go:126.52,135.2 3 1
github.com/theapemachine/squeel/coversion.go:10.71,12.2 1 1
github.com/theapemachine/squeel/coversion.go:18.89,20.2 1 1
github.com/theapemachine/squeel/coversion.go:27.61,29.2 1 1
github.com/theapemachine/squeel/function.go:25.82,26.17 1 1
github.com/theapemachine/squeel/function.go:26.17,28.3 1 0
github.com/theapemachine/squeel/function.go:30.2,30.29 1 1
github.com/theapemachine/squeel/function.go:31.15,33.20 1 1
github.com/theapemachine/squeel/function.go:33.20,36.4 2 1
github.com/theapemachine/squeel/function.go:39.3,39.82 1 1
github.com/theapemachine/squeel/function.go:39.82,42.4 2 1
github.com/theapemachine/squeel/function.go:45.3,45.27 1 1
github.com/theapemachine/squeel/function.go:45.27,46.101 1 1
github.com/theapemachine/squeel/function.go:46.101,49.5 2 1
github.com/theapemachine/squeel/function.go:53.3,54.37 2 1
github.com/theapemachine/squeel/function.go:56.34,58.38 2 1
github.com/theapemachine/squeel/function.go:61.2,61.10 1 1
github.com/theapemachine/squeel/function.go:74.49,75.58 1 1
github.com/theapemachine/squeel/function.go:75.58,78.3 1 1
github.com/theapemachine/squeel/function.go:79.2,79.14 1 1
github.com/theapemachine/squeel/function.go:93.65,102.2 5 1
github.com/theapemachine/squeel/function.go:115.68,117.26 2 1
github.com/theapemachine/squeel/function.go:117.26,119.3 1 0
github.com/theapemachine/squeel/function.go:121.2,122.67 2 1
github.com/theapemachine/squeel/function.go:122.67,123.63 1 1
github.com/theapemachine/squeel/function.go:123.63,136.4 3 1
github.com/theapemachine/squeel/function.go:138.2,138.10 1 1
github.com/theapemachine/squeel/function.go:152.69,154.26 2 1
github.com/theapemachine/squeel/function.go:154.26,156.3 1 0
github.com/theapemachine/squeel/function.go:158.2,159.67 2 1
github.com/theapemachine/squeel/function.go:159.67,160.63 1 1
github.com/theapemachine/squeel/function.go:160.63,167.4 3 1
github.com/theapemachine/squeel/function.go:169.2,169.10 1 1
github.com/theapemachine/squeel/function.go:183.48,185.25 1 1
github.com/theapemachine/squeel/function.go:185.25,186.68 1 1
github.com/theapemachine/squeel/function.go:186.68,187.37 1 1
github.com/theapemachine/squeel/function.go:187.37,189.5 1 0
github.com/theapemachine/squeel/function.go:190.4,190.64 1 1
github.com/theapemachine/squeel/function.go:190.64,192.5 1 1
github.com/theapemachine/squeel/function.go:195.2,195.28 1 1
github.com/theapemachine/squeel/function.go:209.100,210.27 1 1
github.com/theapemachine/squeel/function.go:210.27,212.3 1 0
github.com/theapemachine/squeel/function.go:214.2,217.74 3 1
github.com/theapemachine/squeel/function.go:217.74,218.52 1 1
github.com/theapemachine/squeel/function.go:218.52,219.62 1 1
github.com/theapemachine/squeel/function.go:219.62,220.25 1 1
github.com/theapemachine/squeel/function.go:220.25,224.6 3 1
github.com/theapemachine/squeel/function.go:227.3,227.19 1 1
github.com/theapemachine/squeel/function.go:230.2,230.22 1 1
github.com/theapemachine/squeel/group.go:23.111,24.23 1 1
github.com/theapemachine/squeel/group.go:24.23,26.3 1 1
github.com/theapemachine/squeel/group.go:28.2,32.45 4 1
github.com/theapemachine/squeel/group.go:46.56,51.31 2 1
github.com/theapemachine/squeel/group.go:51.31,52.51 1 1
github.com/theapemachine/squeel/group.go:52.51,56.4 3 1
github.com/theapemachine/squeel/group.go:59.2,59.19 1 1
github.com/theapemachine/squeel/group.go:74.87,75.41 1 1
github.com/theapemachine/squeel/group.go:75.41,77.3 1 1
github.com/theapemachine/squeel/group.go:79.2,79.77 1 1
github.com/theapemachine/squeel/group.go:79.77,81.3 1 1
github.com/theapemachine/squeel/group.go:83.2,83.10 1 1
github.com/theapemachine/squeel/group.go:97.73,98.58 1 1
github.com/theapemachine/squeel/group.go:98.58,100.3 1 1
github.com/theapemachine/squeel/group.go:101.2,101.12 1 0
github.com/theapemachine/squeel/group.go:115.90,116.37 1 1
github.com/theapemachine/squeel/group.go:116.37,118.3 1 0
github.com/theapemachine/squeel/group.go:120.2,121.9 2 1
github.com/theapemachine/squeel/group.go:121.9,123.3 1 0
github.com/theapemachine/squeel/group.go:125.2,126.17 2 1
github.com/theapemachine/squeel/group.go:126.17,128.3 1 0
github.com/theapemachine/squeel/group.go:130.2,134.3 1 1
github.com/theapemachine/squeel/group.go:147.76,148.29 1 1
github.com/theapemachine/squeel/group.go:149.26,150.35 1 1
github.com/theapemachine/squeel/group.go:151.27,152.38 1 1
github.com/theapemachine/squeel/group.go:154.2,154.11 1 0
github.com/theapemachine/squeel/group.go:167.79,168.30 1 1
github.com/theapemachine/squeel/group.go:168.30,170.3 1 0
github.com/theapemachine/squeel/group.go:172.2,173.9 2 1
github.com/theapemachine/squeel/group.go:173.9,175.3 1 0
github.com/theapemachine/squeel/group.go:177.2,177.35 1 1
github.com/theapemachine/squeel/group.go:177.35,179.3 1 0
github.com/theapemachine/squeel/group.go:181.2,181.62 1 1
github.com/theapemachine/squeel/group.go:181.62,183.3 1 1
github.com/theapemachine/squeel/group.go:185.2,185.32 1 0
github.com/theapemachine/squeel/group.go:198.38,199.12 1 1
github.com/theapemachine/squeel/group.go:200.39,201.14 1 1
github.com/theapemachine/squeel/group.go:203.2,203.14 1 0
github.com/theapemachine/squeel/group.go:216.75,217.18 1 1
github.com/theapemachine/squeel/group.go:218.24,219.70 1 1
github.com/theapemachine/squeel/group.go:219.70,221.4 1 1
github.com/theapemachine/squeel/group.go:222.26,223.68 1 0
github.com/theapemachine/squeel/group.go:223.68,225.4 1 0
github.com/theapemachine/squeel/group.go:226.24,227.25 1 0
github.com/theapemachine/squeel/group.go:229.2,229.12 1 0
github.com/theapemachine/squeel/group.go:242.41,243.15 1 1
github.com/theapemachine/squeel/group.go:244.11,245.15 1 1
github.com/theapemachine/squeel/group.go:246.12,247.16 1 0
github.com/theapemachine/squeel/group.go:248.11,249.15 1 0
github.com/theapemachine/squeel/group.go:250.12,251.16 1 0
github.com/theapemachine/squeel/group.go:252.11,253.15 1 0
github.com/theapemachine/squeel/group.go:254.12,255.15 1 0
github.com/theapemachine/squeel/group.go:256.10,257.15 1 0
github.com/theapemachine/squeel/join.go:21.87,22.67 1 1
github.com/theapemachine/squeel/join.go:22.67,28.3 2 1
github.com/theapemachine/squeel/join.go:30.2,30.68 1 1
github.com/theapemachine/squeel/join.go:30.68,33.3 2 1
github.com/theapemachine/squeel/join.go:35.2,35.68 1 1
github.com/theapemachine/squeel/join.go:35.68,37.3 1 1
github.com/theapemachine/squeel/join.go:39.2,39.69 1 1
github.com/theapemachine/squeel/join.go:39.69,41.3 1 1
github.com/theapemachine/squeel/join.go:43.2,43.10 1 1
github.com/theapemachine/squeel/limit.go:24.80,25.17 1 1
github.com/theapemachine/squeel/limit.go:25.17,27.3 1 1
github.com/theapemachine/squeel/limit.go:29.2,31.39 2 1
github.com/theapemachine/squeel/limit.go:32.25,33.67 1 1
github.com/theapemachine/squeel/limit.go:33.67,36.4 2 0
github.com/theapemachine/squeel/limit.go:39.2,39.37 1 1
github.com/theapemachine/squeel/limit.go:40.25,41.68 1 1
github.com/theapemachine/squeel/limit.go:41.68,44.4 2 0
github.com/theapemachine/squeel/limit.go:47.2,47.19 1 1
github.com/theapemachine/squeel/limit.go:47.19,49.3 1 1
github.com/theapemachine/squeel/limit.go:51.2,51.10 1 1
github.com/theapemachine/squeel/logger.go:28.30,29.17 1 1
github.com/theapemachine/squeel/logger.go:29.17,34.17 4 1
github.com/theapemachine/squeel/logger.go:34.17,36.4 1 0
github.com/theapemachine/squeel/logger.go:37.3,40.43 2 1
github.com/theapemachine/squeel/logger.go:42.2,42.19 1 1
github.com/theapemachine/squeel/logger.go:54.48,58.2 3 1
github.com/theapemachine/squeel/logger.go:69.49,71.2 0 0
github.com/theapemachine/squeel/order.go:20.86,21.23 1 1
github.com/theapemachine/squeel/order.go:21.23,23.3 1 1
github.com/theapemachine/squeel/order.go:25.2,25.32 1 1
github.com/theapemachine/squeel/order.go:25.32,26.60 1 0
github.com/theapemachine/squeel/order.go:26.60,29.4 2 0
github.com/theapemachine/squeel/order.go:32.2,32.57 1 1
github.com/theapemachine/squeel/order.go:46.56,48.32 2 0
github.com/theapemachine/squeel/order.go:48.32,49.57 1 0
github.com/theapemachine/squeel/order.go:49.57,51.44 2 0
github.com/theapemachine/squeel/order.go:51.44,53.5 1 0
github.com/theapemachine/squeel/order.go:54.4,57.6 1 0
github.com/theapemachine/squeel/order.go:60.2,60.16 1 0
github.com/theapemachine/squeel/order.go:75.100,77.24 2 1
github.com/theapemachine/squeel/order.go:77.24,80.3 2 1
github.com/theapemachine/squeel/order.go:81.2,81.10 1 1
github.com/theapemachine/squeel/order.go:95.55,97.32 2 1
github.com/theapemachine/squeel/order.go:97.32,98.57 1 1
github.com/theapemachine/squeel/order.go:98.57,100.44 2 1
github.com/theapemachine/squeel/order.go:100.44,102.5 1 1
github.com/theapemachine/squeel/order.go:103.4,103.55 1 1
github.com/theapemachine/squeel/order.go:106.2,106.18 1 1
github.com/theapemachine/squeel/query.go:37.24,47.2 1 1
github.com/theapemachine/squeel/query.go:58.34,63.4 1 0
github.com/theapemachine/squeel/query.go:63.4,64.11 1 0
github.com/theapemachine/squeel/query.go:64.11,66.4 1 0
github.com/theapemachine/squeel/query.go:69.2,69.14 1 0
github.com/theapemachine/squeel/query.go:79.42,81.2 1 0
github.com/theapemachine/squeel/query.go:90.44,92.2 1 0
github.com/theapemachine/squeel/query.go:101.45,103.2 1 0
github.com/theapemachine/squeel/request.go:33.58,35.16 2 0
github.com/theapemachine/squeel/request.go:35.16,37.3 1 0
github.com/theapemachine/squeel/request.go:38.2,43.12 3 0
github.com/theapemachine/squeel/request.go:56.57,58.16 2 0
github.com/theapemachine/squeel/request.go:58.16,60.3 1 0
github.com/theapemachine/squeel/request.go:61.2,67.12 2 0
github.com/theapemachine/squeel/request.go:80.58,82.16 2 0
github.com/theapemachine/squeel/request.go:82.16,84.3 1 0
github.com/theapemachine/squeel/request.go:85.2,88.12 4 0
github.com/theapemachine/squeel/request.go:101.58,103.16 2 0
github.com/theapemachine/squeel/request.go:103.16,105.3 1 0
github.com/theapemachine/squeel/request.go:106.2,111.12 3 0
github.com/theapemachine/squeel/request.go:125.64,150.2 1 0
github.com/theapemachine/squeel/request.go:163.60,169.33 2 0
github.com/theapemachine/squeel/request.go:169.33,170.54 1 0
github.com/theapemachine/squeel/request.go:170.54,172.4 1 0
github.com/theapemachine/squeel/request.go:174.2,174.67 1 0
github.com/theapemachine/squeel/request.go:189.68,191.21 2 0
github.com/theapemachine/squeel/request.go:191.21,193.3 1 0
github.com/theapemachine/squeel/request.go:194.2,195.16 2 0
github.com/theapemachine/squeel/request.go:195.16,197.3 1 0
github.com/theapemachine/squeel/request.go:198.2,199.16 2 0
github.com/theapemachine/squeel/request.go:199.16,201.3 1 0
github.com/theapemachine/squeel/request.go:202.2,202.24 1 0
github.com/theapemachine/squeel/request.go:215.56,216.41 1 0
github.com/theapemachine/squeel/request.go:216.41,217.19 1 0
github.com/theapemachine/squeel/request.go:217.19,219.4 1 0
github.com/theapemachine/squeel/request.go:221.3,222.14 2 0
github.com/theapemachine/squeel/request.go:223.20,224.39 1 0
github.com/theapemachine/squeel/request.go:225.19,226.38 1 0
github.com/theapemachine/squeel/request.go:227.20,228.39 1 0
github.com/theapemachine/squeel/request.go:229.17,230.36 1 0
github.com/theapemachine/squeel/request.go:231.20,232.39 1 0
github.com/theapemachine/squeel/request.go:233.11,234.72 1 0
github.com/theapemachine/squeel/request.go:237.3,237.17 1 0
github.com/theapemachine/squeel/request.go:237.17,240.4 2 0
github.com/theapemachine/squeel/request.go:243.2,243.27 1 0
github.com/theapemachine/squeel/request.go:243.27,245.3 1 0
github.com/theapemachine/squeel/request.go:246.2,246.28 1 0
github.com/theapemachine/squeel/request.go:246.28,248.3 1 0
github.com/theapemachine/squeel/request.go:250.2,250.14 1 0
github.com/theapemachine/squeel/request.go:264.57,267.62 3 0
github.com/theapemachine/squeel/request.go:267.62,269.3 1 0
github.com/theapemachine/squeel/request.go:270.2,270.14 1 0
github.com/theapemachine/squeel/request.go:283.55,285.16 2 0
github.com/theapemachine/squeel/request.go:285.16,287.3 1 0
github.com/theapemachine/squeel/request.go:288.2,292.12 2 0
github.com/theapemachine/squeel/select.go:20.86,21.17 1 1
github.com/theapemachine/squeel/select.go:21.17,23.3 1 0
github.com/theapemachine/squeel/select.go:25.2,32.27 2 1
github.com/theapemachine/squeel/select.go:32.27,34.3 1 1
github.com/theapemachine/squeel/select.go:36.2,36.28 1 1
github.com/theapemachine/squeel/select.go:36.28,37.47 1 1
github.com/theapemachine/squeel/select.go:37.47,39.4 1 1
github.com/theapemachine/squeel/select.go:42.2,42.45 1 1
github.com/theapemachine/squeel/select.go:67.98,68.45 1 1
github.com/theapemachine/squeel/select.go:68.45,71.3 2 1
github.com/theapemachine/squeel/select.go:73.2,74.9 2 1
github.com/theapemachine/squeel/select.go:74.9,77.3 2 0
github.com/theapemachine/squeel/select.go:79.2,79.58 1 1
github.com/theapemachine/squeel/select.go:93.107,94.38 1 1
github.com/theapemachine/squeel/select.go:95.26,99.5 1 1
github.com/theapemachine/squeel/select.go:100.27,101.50 1 1
github.com/theapemachine/squeel/select.go:102.27,103.50 1 1
github.com/theapemachine/squeel/select.go:104.28,108.5 1 1
github.com/theapemachine/squeel/select.go:109.25,113.5 1 1
github.com/theapemachine/squeel/select.go:114.10,115.87 1 0
github.com/theapemachine/squeel/select.go:117.2,117.13 1 1
github.com/theapemachine/squeel/select.go:129.122,134.18 4 1
github.com/theapemachine/squeel/select.go:135.18,136.40 1 0
github.com/theapemachine/squeel/select.go:137.15,138.46 1 1
github.com/theapemachine/squeel/select.go:139.34,140.66 1 1
github.com/theapemachine/squeel/select.go:141.10,142.81 1 0
github.com/theapemachine/squeel/select.go:154.90,156.25 2 0
github.com/theapemachine/squeel/select.go:156.25,157.83 1 0
github.com/theapemachine/squeel/select.go:157.83,162.4 1 0
github.com/theapemachine/squeel/select.go:176.100,177.54 1 1
github.com/theapemachine/squeel/select.go:177.54,178.55 1 1
github.com/theapemachine/squeel/select.go:178.55,180.4 1 1
github.com/theapemachine/squeel/select.go:182.2,182.12 1 1
github.com/theapemachine/squeel/select.go:194.126,200.50 5 1
github.com/theapemachine/squeel/select.go:200.50,202.3 1 1
github.com/theapemachine/squeel/select.go:214.89,229.2 2 1
github.com/theapemachine/squeel/select.go:241.76,242.47 1 1
github.com/theapemachine/squeel/select.go:242.47,244.3 1 1
github.com/theapemachine/squeel/select.go:246.2,246.78 1 1
github.com/theapemachine/squeel/select.go:246.78,248.3 1 0
github.com/theapemachine/squeel/select.go:250.2,250.20 1 1
github.com/theapemachine/squeel/select.go:264.161,266.17 2 1
github.com/theapemachine/squeel/select.go:266.17,268.26 2 1
github.com/theapemachine/squeel/select.go:268.26,269.84 1 1
github.com/theapemachine/squeel/select.go:269.84,271.5 1 0
github.com/theapemachine/squeel/select.go:275.2,280.104 2 1
github.com/theapemachine/squeel/select.go:292.119,295.42 2 1
github.com/theapemachine/squeel/select.go:295.42,296.83 1 1
github.com/theapemachine/squeel/select.go:296.83,299.4 2 1
github.com/theapemachine/squeel/select.go:302.2,302.62 1 1
github.com/theapemachine/squeel/select.go:315.146,316.25 1 1
github.com/theapemachine/squeel/select.go:316.25,317.83 1 1
github.com/theapemachine/squeel/select.go:317.83,320.4 2 1
github.com/theapemachine/squeel/select.go:333.113,344.2 2 1
github.com/theapemachine/squeel/select.go:359.132,360.31 1 1
github.com/theapemachine/squeel/select.go:360.31,362.3 1 1
github.com/theapemachine/squeel/select.go:364.2,364.25 1 1
github.com/theapemachine/squeel/select.go:364.25,365.83 1 1
github.com/theapemachine/squeel/select.go:365.83,367.4 1 0
github.com/theapemachine/squeel/select.go:369.2,369.20 1 1
github.com/theapemachine/squeel/statement.go:33.42,35.2 1 1
github.com/theapemachine/squeel/statement.go:49.61,50.45 1 1
github.com/theapemachine/squeel/statement.go:50.45,52.3 1 0
github.com/theapemachine/squeel/statement.go:54.2,54.46 1 1
github.com/theapemachine/squeel/statement.go:54.46,56.3 1 1
github.com/theapemachine/squeel/statement.go:58.2,58.35 1 1
github.com/theapemachine/squeel/statement.go:68.46,69.22 1 1
github.com/theapemachine/squeel/statement.go:69.22,71.3 1 0
github.com/theapemachine/squeel/statement.go:72.2,72.26 1 1
github.com/theapemachine/squeel/statement.go:72.26,74.3 1 0
github.com/theapemachine/squeel/statement.go:75.2,75.12 1 1
github.com/theapemachine/squeel/statement.go:89.54,92.16 3 1
github.com/theapemachine/squeel/statement.go:92.16,94.3 1 1
github.com/theapemachine/squeel/statement.go:96.2,96.76 1 1
github.com/theapemachine/squeel/statement.go:111.91,114.52 2 1
github.com/theapemachine/squeel/statement.go:114.52,115.30 1 1
github.com/theapemachine/squeel/statement.go:116.28,117.37 1 1
github.com/theapemachine/squeel/statement.go:118.26,119.43 1 1
github.com/theapemachine/squeel/statement.go:120.30,121.38 1 1
github.com/theapemachine/squeel/statement.go:122.25,123.37 1 1
github.com/theapemachine/squeel/statement.go:124.25,125.37 1 1
github.com/theapemachine/squeel/statement.go:126.28,127.36 1 1
github.com/theapemachine/squeel/statement.go:128.33,129.36 1 1
github.com/theapemachine/squeel/statement.go:130.31,131.40 1 1
github.com/theapemachine/squeel/statement.go:132.29,132.29 0 1
github.com/theapemachine/squeel/statement.go:134.11,137.70 3 1
github.com/theapemachine/squeel/statement.go:139.3,139.19 1 1
github.com/theapemachine/squeel/statement.go:155.87,156.24 1 1
github.com/theapemachine/squeel/statement.go:156.24,158.3 1 1
github.com/theapemachine/squeel/statement.go:159.2,159.25 1 1
github.com/theapemachine/squeel/statement.go:159.25,161.3 1 1
github.com/theapemachine/squeel/statement.go:161.8,161.30 1 1
github.com/theapemachine/squeel/statement.go:161.30,163.3 1 1
github.com/theapemachine/squeel/statement.go:164.2,165.48 2 1
github.com/theapemachine/squeel/statement.go:176.86,177.57 1 1
github.com/theapemachine/squeel/statement.go:177.57,180.48 3 1
github.com/theapemachine/squeel/statement.go:180.48,182.4 1 1
github.com/theapemachine/squeel/statement.go:198.69,199.62 1 1
github.com/theapemachine/squeel/statement.go:199.62,205.47 2 1
github.com/theapemachine/squeel/statement.go:205.47,207.4 1 1
github.com/theapemachine/squeel/statement.go:207.9,207.31 1 1
github.com/theapemachine/squeel/statement.go:207.31,209.4 1 0
github.com/theapemachine/squeel/statement.go:211.2,211.15 1 1
github.com/theapemachine/squeel/table.go:18.83,21.2 2 1
github.com/theapemachine/squeel/table.go:36.102,37.35 1 1
github.com/theapemachine/squeel/table.go:37.35,38.40 1 1
github.com/theapemachine/squeel/table.go:38.40,40.4 1 1
github.com/theapemachine/squeel/table.go:42.2,42.10 1 1
github.com/theapemachine/squeel/table.go:58.85,59.33 1 1
github.com/theapemachine/squeel/table.go:60.32,62.14 2 1
github.com/theapemachine/squeel/table.go:63.35,64.44 1 1
github.com/theapemachine/squeel/table.go:66.2,66.14 1 1
github.com/theapemachine/squeel/table.go:78.85,80.76 2 1
github.com/theapemachine/squeel/table.go:80.76,81.60 1 1
github.com/theapemachine/squeel/table.go:81.60,83.4 1 1
github.com/theapemachine/squeel/table.go:95.93,96.59 1 1
github.com/theapemachine/squeel/table.go:96.59,97.57 1 1
github.com/theapemachine/squeel/table.go:97.57,99.4 1 1
github.com/theapemachine/squeel/table.go:111.97,112.60 1 1
github.com/theapemachine/squeel/table.go:112.60,113.57 1 0
github.com/theapemachine/squeel/table.go:113.57,115.4 1 0
github.com/theapemachine/squeel/where.go:33.80,34.17 1 1
github.com/theapemachine/squeel/where.go:34.17,36.3 1 1
github.com/theapemachine/squeel/where.go:38.2,39.10 2 1
github.com/theapemachine/squeel/where.go:54.82,55.29 1 1
github.com/theapemachine/squeel/where.go:56.33,57.41 1 1
github.com/theapemachine/squeel/where.go:58.27,63.5 1 1
github.com/theapemachine/squeel/where.go:64.26,66.46 2 1
github.com/theapemachine/squeel/where.go:67.25,70.108 3 1
github.com/theapemachine/squeel/where.go:71.28,72.45 1 1
github.com/theapemachine/squeel/where.go:73.28,77.91 4 1
github.com/theapemachine/squeel/where.go:78.10,79.66 1 0
github.com/theapemachine/squeel/where.go:81.2,81.10 1 1
github.com/theapemachine/squeel/where.go:96.94,97.34 1 1
github.com/theapemachine/squeel/where.go:98.27,99.49 1 1
github.com/theapemachine/squeel/where.go:100.26,101.57 1 1
github.com/theapemachine/squeel/where.go:102.25,103.56 1 0
github.com/theapemachine/squeel/where.go:104.10,105.89 1 0
github.com/theapemachine/squeel/where.go:107.2,107.10 1 0
github.com/theapemachine/squeel/where.go:122.93,123.29 1 1
github.com/theapemachine/squeel/where.go:124.24,125.48 1 1
github.com/theapemachine/squeel/where.go:126.43,129.26 2 1
github.com/theapemachine/squeel/where.go:129.26,130.84 1 1
github.com/theapemachine/squeel/where.go:130.84,133.39 3 1
github.com/theapemachine/squeel/where.go:133.39,142.6 2 1
github.com/theapemachine/squeel/where.go:142.11,150.6 1 1
github.com/theapemachine/squeel/where.go:153.3,153.11 1 1
github.com/theapemachine/squeel/where.go:154.10,156.11 2 0
github.com/theapemachine/squeel/where.go:172.92,173.26 1 1
github.com/theapemachine/squeel/where.go:173.26,176.3 2 0
github.com/theapemachine/squeel/where.go:178.2,182.16 4 1
github.com/theapemachine/squeel/where.go:182.16,185.3 2 0
github.com/theapemachine/squeel/where.go:187.2,189.10 3 1
github.com/theapemachine/squeel/where.go:205.125,208.9 3 1
github.com/theapemachine/squeel/where.go:208.9,210.3 1 1
github.com/theapemachine/squeel/where.go:212.2,212.62 1 1
github.com/theapemachine/squeel/where.go:226.102,227.31 1 1
github.com/theapemachine/squeel/where.go:228.25,229.33 1 1
github.com/theapemachine/squeel/where.go:230.26,231.49 1 1
github.com/theapemachine/squeel/where.go:232.27,233.46 1 0
github.com/theapemachine/squeel/where.go:235.2,235.19 1 1
github.com/theapemachine/squeel/where.go:248.77,250.2 1 1
github.com/theapemachine/squeel/where.go:262.98,264.29 2 0
github.com/theapemachine/squeel/where.go:264.29,265.60 1 0
github.com/theapemachine/squeel/where.go:265.60,267.4 1 0
github.com/theapemachine/squeel/where.go:269.2,269.21 1 0
github.com/theapemachine/squeel/where.go:282.77,283.25 1 0
github.com/theapemachine/squeel/where.go:284.25,285.36 1 0
github.com/theapemachine/squeel/where.go:286.26,287.39 1 0
github.com/theapemachine/squeel/where.go:288.10,289.13 1 0
github.com/theapemachine/squeel/where.go:303.78,304.18 1 0
github.com/theapemachine/squeel/where.go:305.24,306.60 1 0
github.com/theapemachine/squeel/where.go:306.60,308.4 1 0
github.com/theapemachine/squeel/where.go:310.2,310.24 1 0
github.com/theapemachine/squeel/where.go:325.123,326.27 1 0
github.com/theapemachine/squeel/where.go:326.27,328.3 1 0
github.com/theapemachine/squeel/where.go:330.2,331.9 2 0
github.com/theapemachine/squeel/where.go:331.9,333.3 1 0
github.com/theapemachine/squeel/where.go:335.2,337.16 3 0
github.com/theapemachine/squeel/where.go:337.16,340.3 2 0
github.com/theapemachine/squeel/where.go:342.2,343.10 2 0
github.com/theapemachine/squeel/where.go:360.101,363.36 2 1
github.com/theapemachine/squeel/where.go:363.36,365.17 2 1
github.com/theapemachine/squeel/where.go:365.17,368.4 2 0
github.com/theapemachine/squeel/where.go:369.3,369.20 1 1
github.com/theapemachine/squeel/where.go:372.2,372.18 1 1
github.com/theapemachine/squeel/where.go:373.11,374.44 1 1
github.com/theapemachine/squeel/where.go:375.12,376.59 1 1
github.com/theapemachine/squeel/where.go:377.11,378.59 1 1
github.com/theapemachine/squeel/where.go:379.12,380.60 1 1
github.com/theapemachine/squeel/where.go:381.11,382.59 1 0
github.com/theapemachine/squeel/where.go:383.12,384.60 1 0
github.com/theapemachine/squeel/where.go:385.14,387.79 2 1
github.com/theapemachine/squeel/where.go:388.12,389.46 1 0
github.com/theapemachine/squeel/where.go:389.46,391.4 1 0
github.com/theapemachine/squeel/where.go:392.10,394.11 2 0
github.com/theapemachine/squeel/where.go:397.2,398.10 2 1
github.com/theapemachine/squeel/where.go:413.54,417.2 1 1
github.com/theapemachine/squeel/where.go:419.91,421.34 1 1
github.com/theapemachine/squeel/where.go:421.34,423.43 1 1
github.com/theapemachine/squeel/where.go:423.43,425.4 1 1
github.com/theapemachine/squeel/where.go:427.3,427.20 1 1
github.com/theapemachine/squeel/where.go:431.2,431.19 1 0
github.com/theapemachine/squeel/where.go:434.27,436.22 2 0
github.com/theapemachine/squeel/where.go:436.22,438.3 1 0
github.com/theapemachine/squeel/where.go:439.2,439.10 1 0
